# JRE version: Java(TM) SE Runtime Environment (8.0_45-b14) (build 1.8.0_45-b14)
# Java VM: Java HotSpot(TM) 64-Bit Server VM (25.45-b02 mixed mode linux-amd64 compressed oops)
Heap:
 PSYoungGen      total 283648K, used 227328K [0x00000000eab00000, 0x0000000100000000, 0x0000000100000000)
  eden space 227328K, 100% used [0x00000000eab00000,0x00000000f8900000,0x00000000f8900000)
  from space 56320K, 0% used [0x00000000fc900000,0x00000000fc900000,0x0000000100000000)
  to   space 60928K, 0% used [0x00000000f8900000,0x00000000f8900000,0x00000000fc480000)
 ParOldGen       total 86016K, used 81908K [0x00000000c0000000, 0x00000000c5400000, 0x00000000eab00000)
  object space 86016K, 95% used [0x00000000c0000000,0x00000000c4ffd0c0,0x00000000c5400000)
 Metaspace       used 73115K, capacity 76848K, committed 80512K, reserved 1118208K
  class space    used 9906K, capacity 11256K, committed 12416K, reserved 1048576K
GC Heap History (10 events):
Event: 13194,501 GC heap after
Heap after GC invocations=32 (full 5):
 PSYoungGen      total 295936K, used 30655K [0x00000000eab00000, 0x0000000100000000, 0x0000000100000000)
  eden space 265216K, 0% used [0x00000000eab00000,0x00000000eab00000,0x00000000fae00000)
  from space 30720K, 99% used [0x00000000fae00000,0x00000000fcbefe90,0x00000000fcc00000)
  to   space 44544K, 0% used [0x00000000fd480000,0x00000000fd480000,0x0000000100000000)
 ParOldGen       total 86016K, used 70465K [0x00000000c0000000, 0x00000000c5400000, 0x00000000eab00000)
  object space 86016K, 81% used [0x00000000c0000000,0x00000000c44d06c0,0x00000000c5400000)
 Metaspace       used 55873K, capacity 58198K, committed 80384K, reserved 1118208K
  class space    used 7413K, capacity 8262K, committed 12288K, reserved 1048576K
}
Event: 13314,450 GC heap before
{Heap before GC invocations=33 (full 5):
 PSYoungGen      total 295936K, used 295871K [0x00000000eab00000, 0x0000000100000000, 0x0000000100000000)
  eden space 265216K, 100% used [0x00000000eab00000,0x00000000fae00000,0x00000000fae00000)
  from space 30720K, 99% used [0x00000000fae00000,0x00000000fcbefe90,0x00000000fcc00000)
  to   space 44544K, 0% used [0x00000000fd480000,0x00000000fd480000,0x0000000100000000)
 ParOldGen       total 86016K, used 70465K [0x00000000c0000000, 0x00000000c5400000, 0x00000000eab00000)
  object space 86016K, 81% used [0x00000000c0000000,0x00000000c44d06c0,0x00000000c5400000)
 Metaspace       used 63214K, capacity 66228K, committed 80384K, reserved 1118208K
  class space    used 8459K, capacity 9546K, committed 12288K, reserved 1048576K
Event: 13314,608 GC heap after
Heap after GC invocations=33 (full 5):
 PSYoungGen      total 292352K, used 42617K [0x00000000eab00000, 0x0000000100000000, 0x0000000100000000)
  eden space 247808K, 0% used [0x00000000eab00000,0x00000000eab00000,0x00000000f9d00000)
  from space 44544K, 95% used [0x00000000fd480000,0x00000000ffe1e4f0,0x0000000100000000)
  to   space 50688K, 0% used [0x00000000f9d00000,0x00000000f9d00000,0x00000000fce80000)
 ParOldGen       total 86016K, used 70473K [0x00000000c0000000, 0x00000000c5400000, 0x00000000eab00000)
  object space 86016K, 81% used [0x00000000c0000000,0x00000000c44d26c0,0x00000000c5400000)
 Metaspace       used 63214K, capacity 66228K, committed 80384K, reserved 1118208K
  class space    used 8459K, capacity 9546K, committed 12288K, reserved 1048576K
}
Event: 13328,745 GC heap before
{Heap before GC invocations=34 (full 5):
 PSYoungGen      total 292352K, used 290425K [0x00000000eab00000, 0x0000000100000000, 0x0000000100000000)
  eden space 247808K, 100% used [0x00000000eab00000,0x00000000f9d00000,0x00000000f9d00000)
  from space 44544K, 95% used [0x00000000fd480000,0x00000000ffe1e4f0,0x0000000100000000)
  to   space 50688K, 0% used [0x00000000f9d00000,0x00000000f9d00000,0x00000000fce80000)
 ParOldGen       total 86016K, used 70473K [0x00000000c0000000, 0x00000000c5400000, 0x00000000eab00000)
  object space 86016K, 81% used [0x00000000c0000000,0x00000000c44d26c0,0x00000000c5400000)
 Metaspace       used 64610K, capacity 67644K, committed 80384K, reserved 1118208K
  class space    used 8643K, capacity 9749K, committed 12288K, reserved 1048576K
Event: 13329,045 GC heap after
Heap after GC invocations=34 (full 5):
 PSYoungGen      total 291840K, used 43976K [0x00000000eab00000, 0x0000000100000000, 0x0000000100000000)
  eden space 247808K, 0% used [0x00000000eab00000,0x00000000eab00000,0x00000000f9d00000)
  from space 44032K, 99% used [0x00000000f9d00000,0x00000000fc7f2218,0x00000000fc800000)
  to   space 56320K, 0% used [0x00000000fc900000,0x00000000fc900000,0x0000000100000000)
 ParOldGen       total 86016K, used 70481K [0x00000000c0000000, 0x00000000c5400000, 0x00000000eab00000)
  object space 86016K, 81% used [0x00000000c0000000,0x00000000c44d46c0,0x00000000c5400000)
 Metaspace       used 64610K, capacity 67644K, committed 80384K, reserved 1118208K
  class space    used 8643K, capacity 9749K, committed 12288K, reserved 1048576K
}
Event: 13341,347 GC heap before
{Heap before GC invocations=35 (full 5):
 PSYoungGen      total 291840K, used 184544K [0x00000000eab00000, 0x0000000100000000, 0x0000000100000000)
  eden space 247808K, 56% used [0x00000000eab00000,0x00000000f3446170,0x00000000f9d00000)
  from space 44032K, 99% used [0x00000000f9d00000,0x00000000fc7f2218,0x00000000fc800000)
  to   space 56320K, 0% used [0x00000000fc900000,0x00000000fc900000,0x0000000100000000)
 ParOldGen       total 86016K, used 70481K [0x00000000c0000000, 0x00000000c5400000, 0x00000000eab00000)
  object space 86016K, 81% used [0x00000000c0000000,0x00000000c44d46c0,0x00000000c5400000)
 Metaspace       used 65725K, capacity 68986K, committed 80384K, reserved 1118208K
  class space    used 8838K, capacity 10010K, committed 12288K, reserved 1048576K
Event: 13341,604 GC heap after
Heap after GC invocations=35 (full 5):
 PSYoungGen      total 283648K, used 43946K [0x00000000eab00000, 0x0000000100000000, 0x0000000100000000)
  eden space 227328K, 0% used [0x00000000eab00000,0x00000000eab00000,0x00000000f8900000)
  from space 56320K, 78% used [0x00000000fc900000,0x00000000ff3eaa38,0x0000000100000000)
  to   space 60928K, 0% used [0x00000000f8900000,0x00000000f8900000,0x00000000fc480000)
 ParOldGen       total 86016K, used 70489K [0x00000000c0000000, 0x00000000c5400000, 0x00000000eab00000)
  object space 86016K, 81% used [0x00000000c0000000,0x00000000c44d66c0,0x00000000c5400000)
 Metaspace       used 65725K, capacity 68986K, committed 80384K, reserved 1118208K
  class space    used 8838K, capacity 10010K, committed 12288K, reserved 1048576K
}
Event: 13341,604 GC heap before
{Heap before GC invocations=36 (full 6):
 PSYoungGen      total 283648K, used 43946K [0x00000000eab00000, 0x0000000100000000, 0x0000000100000000)
  eden space 227328K, 0% used [0x00000000eab00000,0x00000000eab00000,0x00000000f8900000)
  from space 56320K, 78% used [0x00000000fc900000,0x00000000ff3eaa38,0x0000000100000000)
  to   space 60928K, 0% used [0x00000000f8900000,0x00000000f8900000,0x00000000fc480000)
 ParOldGen       total 86016K, used 70489K [0x00000000c0000000, 0x00000000c5400000, 0x00000000eab00000)
  object space 86016K, 81% used [0x00000000c0000000,0x00000000c44d66c0,0x00000000c5400000)
 Metaspace       used 65725K, capacity 68986K, committed 80384K, reserved 1118208K
  class space    used 8838K, capacity 10010K, committed 12288K, reserved 1048576K
Event: 13343,249 GC heap after
Heap after GC invocations=36 (full 6):
 PSYoungGen      total 283648K, used 0K [0x00000000eab00000, 0x0000000100000000, 0x0000000100000000)
  eden space 227328K, 0% used [0x00000000eab00000,0x00000000eab00000,0x00000000f8900000)
  from space 56320K, 0% used [0x00000000fc900000,0x00000000fc900000,0x0000000100000000)
  to   space 60928K, 0% used [0x00000000f8900000,0x00000000f8900000,0x00000000fc480000)
 ParOldGen       total 86016K, used 81908K [0x00000000c0000000, 0x00000000c5400000, 0x00000000eab00000)
  object space 86016K, 95% used [0x00000000c0000000,0x00000000c4ffd0c0,0x00000000c5400000)
 Metaspace       used 65613K, capacity 68624K, committed 80384K, reserved 1118208K
  class space    used 8810K, capacity 9894K, committed 12288K, reserved 1048576K
}
Event: 13554,676 GC heap before
{Heap before GC invocations=37 (full 7):
 PSYoungGen      total 283648K, used 227328K [0x00000000eab00000, 0x0000000100000000, 0x0000000100000000)
  eden space 227328K, 100% used [0x00000000eab00000,0x00000000f8900000,0x00000000f8900000)
  from space 56320K, 0% used [0x00000000fc900000,0x00000000fc900000,0x0000000100000000)
  to   space 60928K, 0% used [0x00000000f8900000,0x00000000f8900000,0x00000000fc480000)
 ParOldGen       total 86016K, used 81908K [0x00000000c0000000, 0x00000000c5400000, 0x00000000eab00000)
  object space 86016K, 95% used [0x00000000c0000000,0x00000000c4ffd0c0,0x00000000c5400000)
 Metaspace       used 73115K, capacity 76848K, committed 80512K, reserved 1118208K
  class space    used 9906K, capacity 11256K, committed 12416K, reserved 1048576K

